<?xml version="1.0" encoding="UTF-8"?>
<coverage generated="1704231299755" clover="3.2.0">
  <project timestamp="1704231299755" name="All files">
    <metrics statements="82" coveredstatements="78" conditionals="43" coveredconditionals="38" methods="18" coveredmethods="18" elements="143" coveredelements="134" complexity="0" loc="82" ncloc="82" packages="2" files="7" classes="7"/>
    <package name="formaters">
      <metrics statements="49" coveredstatements="46" conditionals="28" coveredconditionals="25" methods="12" coveredmethods="12"/>
      <file name="index.js" path="/home/dmitry/frontend-project-46/formaters/index.js">
        <metrics statements="6" coveredstatements="5" conditionals="4" coveredconditionals="3" methods="1" coveredmethods="1"/>
        <line num="4" count="1" type="stmt"/>
        <line num="5" count="5" type="cond" truecount="3" falsecount="1"/>
        <line num="7" count="2" type="stmt"/>
        <line num="9" count="2" type="stmt"/>
        <line num="11" count="1" type="stmt"/>
        <line num="13" count="0" type="stmt"/>
      </file>
      <file name="plain.js" path="/home/dmitry/frontend-project-46/formaters/plain.js">
        <metrics statements="19" coveredstatements="18" conditionals="13" coveredconditionals="12" methods="4" coveredmethods="4"/>
        <line num="3" count="1" type="stmt"/>
        <line num="4" count="26" type="cond" truecount="4" falsecount="0"/>
        <line num="5" count="6" type="stmt"/>
        <line num="7" count="20" type="cond" truecount="2" falsecount="0"/>
        <line num="8" count="14" type="stmt"/>
        <line num="10" count="6" type="stmt"/>
        <line num="13" count="1" type="stmt"/>
        <line num="14" count="2" type="cond" truecount="1" falsecount="0"/>
        <line num="15" count="10" type="stmt"/>
        <line num="16" count="36" type="stmt"/>
        <line num="17" count="36" type="cond" truecount="5" falsecount="1"/>
        <line num="19" count="4" type="stmt"/>
        <line num="21" count="10" type="stmt"/>
        <line num="23" count="8" type="stmt"/>
        <line num="25" count="6" type="stmt"/>
        <line num="27" count="8" type="stmt"/>
        <line num="29" count="0" type="stmt"/>
        <line num="32" count="10" type="stmt"/>
        <line num="34" count="2" type="stmt"/>
      </file>
      <file name="stylish.js" path="/home/dmitry/frontend-project-46/formaters/stylish.js">
        <metrics statements="24" coveredstatements="23" conditionals="11" coveredconditionals="10" methods="7" coveredmethods="7"/>
        <line num="3" count="24" type="cond" truecount="2" falsecount="0"/>
        <line num="6" count="1" type="stmt"/>
        <line num="7" count="36" type="stmt"/>
        <line num="8" count="54" type="cond" truecount="2" falsecount="0"/>
        <line num="9" count="40" type="stmt"/>
        <line num="11" count="14" type="stmt"/>
        <line num="12" count="14" type="stmt"/>
        <line num="13" count="14" type="stmt"/>
        <line num="15" count="18" type="stmt"/>
        <line num="16" count="14" type="stmt"/>
        <line num="18" count="36" type="stmt"/>
        <line num="21" count="1" type="stmt"/>
        <line num="22" count="2" type="cond" truecount="1" falsecount="0"/>
        <line num="23" count="10" type="stmt"/>
        <line num="24" count="10" type="stmt"/>
        <line num="25" count="36" type="cond" truecount="5" falsecount="1"/>
        <line num="27" count="4" type="stmt"/>
        <line num="29" count="10" type="stmt"/>
        <line num="31" count="8" type="stmt"/>
        <line num="36" count="6" type="stmt"/>
        <line num="38" count="8" type="stmt"/>
        <line num="40" count="0" type="stmt"/>
        <line num="43" count="10" type="stmt"/>
        <line num="45" count="2" type="stmt"/>
      </file>
    </package>
    <package name="src">
      <metrics statements="33" coveredstatements="32" conditionals="15" coveredconditionals="13" methods="6" coveredmethods="6"/>
      <file name="calculateDiff.js" path="/home/dmitry/frontend-project-46/src/calculateDiff.js">
        <metrics statements="14" coveredstatements="14" conditionals="10" coveredconditionals="10" methods="2" coveredmethods="2"/>
        <line num="3" count="1" type="stmt"/>
        <line num="4" count="25" type="stmt"/>
        <line num="5" count="25" type="stmt"/>
        <line num="6" count="25" type="stmt"/>
        <line num="8" count="90" type="cond" truecount="2" falsecount="0"/>
        <line num="9" count="25" type="stmt"/>
        <line num="11" count="65" type="cond" truecount="2" falsecount="0"/>
        <line num="12" count="10" type="stmt"/>
        <line num="14" count="55" type="cond" truecount="4" falsecount="0"/>
        <line num="15" count="20" type="stmt"/>
        <line num="17" count="35" type="cond" truecount="2" falsecount="0"/>
        <line num="18" count="20" type="stmt"/>
        <line num="22" count="15" type="stmt"/>
        <line num="24" count="25" type="stmt"/>
      </file>
      <file name="index.js" path="/home/dmitry/frontend-project-46/src/index.js">
        <metrics statements="12" coveredstatements="12" conditionals="1" coveredconditionals="0" methods="1" coveredmethods="1"/>
        <line num="8" count="1" type="stmt"/>
        <line num="9" count="1" type="stmt"/>
        <line num="11" count="1" type="stmt"/>
        <line num="13" count="1" type="cond" truecount="0" falsecount="1"/>
        <line num="14" count="5" type="stmt"/>
        <line num="15" count="5" type="stmt"/>
        <line num="16" count="5" type="stmt"/>
        <line num="17" count="5" type="stmt"/>
        <line num="18" count="5" type="stmt"/>
        <line num="19" count="5" type="stmt"/>
        <line num="20" count="5" type="stmt"/>
        <line num="21" count="5" type="stmt"/>
      </file>
      <file name="parsers.js" path="/home/dmitry/frontend-project-46/src/parsers.js">
        <metrics statements="5" coveredstatements="4" conditionals="4" coveredconditionals="3" methods="1" coveredmethods="1"/>
        <line num="3" count="1" type="stmt"/>
        <line num="4" count="10" type="cond" truecount="3" falsecount="1"/>
        <line num="6" count="2" type="stmt"/>
        <line num="9" count="8" type="stmt"/>
        <line num="11" count="0" type="stmt"/>
      </file>
      <file name="utils.js" path="/home/dmitry/frontend-project-46/src/utils.js">
        <metrics statements="2" coveredstatements="2" conditionals="0" coveredconditionals="0" methods="2" coveredmethods="2"/>
        <line num="6" count="17" type="stmt"/>
        <line num="8" count="13" type="stmt"/>
      </file>
    </package>
  </project>
</coverage>
