{"/home/dmitry/frontend-project-46/formaters/index.js": {"path":"/home/dmitry/frontend-project-46/formaters/index.js","statementMap":{"0":{"start":{"line":4,"column":22},"end":{"line":15,"column":1}},"1":{"start":{"line":5,"column":2},"end":{"line":14,"column":3}},"2":{"start":{"line":7,"column":6},"end":{"line":7,"column":27}},"3":{"start":{"line":9,"column":6},"end":{"line":9,"column":25}},"4":{"start":{"line":11,"column":6},"end":{"line":11,"column":34}},"5":{"start":{"line":13,"column":6},"end":{"line":13,"column":40}}},"fnMap":{"0":{"name":"(anonymous_0)","decl":{"start":{"line":4,"column":22},"end":{"line":4,"column":23}},"loc":{"start":{"line":4,"column":40},"end":{"line":15,"column":1}},"line":4}},"branchMap":{"0":{"loc":{"start":{"line":5,"column":2},"end":{"line":14,"column":3}},"type":"switch","locations":[{"start":{"line":6,"column":4},"end":{"line":7,"column":27}},{"start":{"line":8,"column":4},"end":{"line":9,"column":25}},{"start":{"line":10,"column":4},"end":{"line":11,"column":34}},{"start":{"line":12,"column":4},"end":{"line":13,"column":40}}],"line":5}},"s":{"0":1,"1":5,"2":2,"3":2,"4":1,"5":0},"f":{"0":5},"b":{"0":[2,2,1,0]},"_coverageSchema":"1a1c01bbd47fc00a2c39e90264f33305004495a9","hash":"97fcee8c138e83cb24f9f777277a137bb1ff25ea"}
,"/home/dmitry/frontend-project-46/formaters/plain.js": {"path":"/home/dmitry/frontend-project-46/formaters/plain.js","statementMap":{"0":{"start":{"line":3,"column":18},"end":{"line":11,"column":1}},"1":{"start":{"line":4,"column":2},"end":{"line":6,"column":3}},"2":{"start":{"line":5,"column":4},"end":{"line":5,"column":29}},"3":{"start":{"line":7,"column":2},"end":{"line":9,"column":3}},"4":{"start":{"line":8,"column":4},"end":{"line":8,"column":24}},"5":{"start":{"line":10,"column":2},"end":{"line":10,"column":15}},"6":{"start":{"line":13,"column":14},"end":{"line":35,"column":1}},"7":{"start":{"line":14,"column":15},"end":{"line":33,"column":3}},"8":{"start":{"line":15,"column":19},"end":{"line":31,"column":6}},"9":{"start":{"line":16,"column":22},"end":{"line":16,"column":63}},"10":{"start":{"line":17,"column":6},"end":{"line":30,"column":7}},"11":{"start":{"line":19,"column":10},"end":{"line":19,"column":53}},"12":{"start":{"line":21,"column":10},"end":{"line":21,"column":91}},"13":{"start":{"line":23,"column":10},"end":{"line":23,"column":129}},"14":{"start":{"line":25,"column":10},"end":{"line":25,"column":22}},"15":{"start":{"line":27,"column":10},"end":{"line":27,"column":49}},"16":{"start":{"line":29,"column":10},"end":{"line":29,"column":53}},"17":{"start":{"line":32,"column":4},"end":{"line":32,"column":50}},"18":{"start":{"line":34,"column":2},"end":{"line":34,"column":20}}},"fnMap":{"0":{"name":"(anonymous_0)","decl":{"start":{"line":3,"column":18},"end":{"line":3,"column":19}},"loc":{"start":{"line":3,"column":29},"end":{"line":11,"column":1}},"line":3},"1":{"name":"(anonymous_1)","decl":{"start":{"line":13,"column":14},"end":{"line":13,"column":15}},"loc":{"start":{"line":13,"column":24},"end":{"line":35,"column":1}},"line":13},"2":{"name":"(anonymous_2)","decl":{"start":{"line":14,"column":15},"end":{"line":14,"column":16}},"loc":{"start":{"line":14,"column":38},"end":{"line":33,"column":3}},"line":14},"3":{"name":"(anonymous_3)","decl":{"start":{"line":15,"column":30},"end":{"line":15,"column":31}},"loc":{"start":{"line":15,"column":43},"end":{"line":31,"column":5}},"line":15}},"branchMap":{"0":{"loc":{"start":{"line":4,"column":2},"end":{"line":6,"column":3}},"type":"if","locations":[{"start":{"line":4,"column":2},"end":{"line":6,"column":3}},{"start":{},"end":{}}],"line":4},"1":{"loc":{"start":{"line":4,"column":6},"end":{"line":4,"column":47}},"type":"binary-expr","locations":[{"start":{"line":4,"column":6},"end":{"line":4,"column":26}},{"start":{"line":4,"column":30},"end":{"line":4,"column":47}}],"line":4},"2":{"loc":{"start":{"line":7,"column":2},"end":{"line":9,"column":3}},"type":"if","locations":[{"start":{"line":7,"column":2},"end":{"line":9,"column":3}},{"start":{},"end":{}}],"line":7},"3":{"loc":{"start":{"line":14,"column":24},"end":{"line":14,"column":33}},"type":"default-arg","locations":[{"start":{"line":14,"column":31},"end":{"line":14,"column":33}}],"line":14},"4":{"loc":{"start":{"line":17,"column":6},"end":{"line":30,"column":7}},"type":"switch","locations":[{"start":{"line":18,"column":8},"end":{"line":19,"column":53}},{"start":{"line":20,"column":8},"end":{"line":21,"column":91}},{"start":{"line":22,"column":8},"end":{"line":23,"column":129}},{"start":{"line":24,"column":8},"end":{"line":25,"column":22}},{"start":{"line":26,"column":8},"end":{"line":27,"column":49}},{"start":{"line":28,"column":8},"end":{"line":29,"column":53}}],"line":17}},"s":{"0":1,"1":26,"2":6,"3":20,"4":14,"5":6,"6":1,"7":2,"8":10,"9":36,"10":36,"11":4,"12":10,"13":8,"14":6,"15":8,"16":0,"17":10,"18":2},"f":{"0":26,"1":2,"2":10,"3":36},"b":{"0":[6,20],"1":[26,26],"2":[14,6],"3":[2],"4":[4,10,8,6,8,0]},"_coverageSchema":"1a1c01bbd47fc00a2c39e90264f33305004495a9","hash":"604c532498eb80d655842ce7bc48b9187acbde65"}
,"/home/dmitry/frontend-project-46/formaters/stylish.js": {"path":"/home/dmitry/frontend-project-46/formaters/stylish.js","statementMap":{"0":{"start":{"line":3,"column":18},"end":{"line":4,"column":55}},"1":{"start":{"line":3,"column":69},"end":{"line":4,"column":55}},"2":{"start":{"line":6,"column":18},"end":{"line":19,"column":1}},"3":{"start":{"line":7,"column":15},"end":{"line":17,"column":3}},"4":{"start":{"line":8,"column":4},"end":{"line":10,"column":5}},"5":{"start":{"line":9,"column":6},"end":{"line":9,"column":23}},"6":{"start":{"line":11,"column":23},"end":{"line":11,"column":38}},"7":{"start":{"line":12,"column":18},"end":{"line":12,"column":39}},"8":{"start":{"line":13,"column":18},"end":{"line":15,"column":81}},"9":{"start":{"line":15,"column":29},"end":{"line":15,"column":80}},"10":{"start":{"line":16,"column":4},"end":{"line":16,"column":55}},"11":{"start":{"line":18,"column":2},"end":{"line":18,"column":22}},"12":{"start":{"line":21,"column":16},"end":{"line":46,"column":1}},"13":{"start":{"line":22,"column":15},"end":{"line":44,"column":3}},"14":{"start":{"line":23,"column":19},"end":{"line":23,"column":40}},"15":{"start":{"line":24,"column":19},"end":{"line":42,"column":6}},"16":{"start":{"line":25,"column":6},"end":{"line":41,"column":7}},"17":{"start":{"line":27,"column":10},"end":{"line":27,"column":89}},"18":{"start":{"line":29,"column":10},"end":{"line":29,"column":89}},"19":{"start":{"line":31,"column":10},"end":{"line":34,"column":23}},"20":{"start":{"line":36,"column":10},"end":{"line":36,"column":89}},"21":{"start":{"line":38,"column":10},"end":{"line":38,"column":91}},"22":{"start":{"line":40,"column":10},"end":{"line":40,"column":55}},"23":{"start":{"line":43,"column":4},"end":{"line":43,"column":53}},"24":{"start":{"line":45,"column":2},"end":{"line":45,"column":19}}},"fnMap":{"0":{"name":"(anonymous_0)","decl":{"start":{"line":3,"column":18},"end":{"line":3,"column":19}},"loc":{"start":{"line":3,"column":69},"end":{"line":4,"column":55}},"line":3},"1":{"name":"(anonymous_1)","decl":{"start":{"line":6,"column":18},"end":{"line":6,"column":19}},"loc":{"start":{"line":6,"column":36},"end":{"line":19,"column":1}},"line":6},"2":{"name":"(anonymous_2)","decl":{"start":{"line":7,"column":15},"end":{"line":7,"column":16}},"loc":{"start":{"line":7,"column":32},"end":{"line":17,"column":3}},"line":7},"3":{"name":"(anonymous_3)","decl":{"start":{"line":15,"column":11},"end":{"line":15,"column":12}},"loc":{"start":{"line":15,"column":29},"end":{"line":15,"column":80}},"line":15},"4":{"name":"(anonymous_4)","decl":{"start":{"line":21,"column":16},"end":{"line":21,"column":17}},"loc":{"start":{"line":21,"column":25},"end":{"line":46,"column":1}},"line":21},"5":{"name":"(anonymous_5)","decl":{"start":{"line":22,"column":15},"end":{"line":22,"column":16}},"loc":{"start":{"line":22,"column":41},"end":{"line":44,"column":3}},"line":22},"6":{"name":"(anonymous_6)","decl":{"start":{"line":24,"column":28},"end":{"line":24,"column":29}},"loc":{"start":{"line":24,"column":41},"end":{"line":42,"column":5}},"line":24}},"branchMap":{"0":{"loc":{"start":{"line":3,"column":31},"end":{"line":3,"column":44}},"type":"default-arg","locations":[{"start":{"line":3,"column":41},"end":{"line":3,"column":44}}],"line":3},"1":{"loc":{"start":{"line":3,"column":46},"end":{"line":3,"column":64}},"type":"default-arg","locations":[{"start":{"line":3,"column":63},"end":{"line":3,"column":64}}],"line":3},"2":{"loc":{"start":{"line":8,"column":4},"end":{"line":10,"column":5}},"type":"if","locations":[{"start":{"line":8,"column":4},"end":{"line":10,"column":5}},{"start":{},"end":{}}],"line":8},"3":{"loc":{"start":{"line":22,"column":22},"end":{"line":22,"column":36}},"type":"default-arg","locations":[{"start":{"line":22,"column":35},"end":{"line":22,"column":36}}],"line":22},"4":{"loc":{"start":{"line":25,"column":6},"end":{"line":41,"column":7}},"type":"switch","locations":[{"start":{"line":26,"column":8},"end":{"line":27,"column":89}},{"start":{"line":28,"column":8},"end":{"line":29,"column":89}},{"start":{"line":30,"column":8},"end":{"line":34,"column":23}},{"start":{"line":35,"column":8},"end":{"line":36,"column":89}},{"start":{"line":37,"column":8},"end":{"line":38,"column":91}},{"start":{"line":39,"column":8},"end":{"line":40,"column":55}}],"line":25}},"s":{"0":1,"1":24,"2":1,"3":36,"4":54,"5":40,"6":14,"7":14,"8":14,"9":18,"10":14,"11":36,"12":1,"13":2,"14":10,"15":10,"16":36,"17":4,"18":10,"19":8,"20":6,"21":8,"22":0,"23":10,"24":2},"f":{"0":24,"1":36,"2":54,"3":18,"4":2,"5":10,"6":36},"b":{"0":[24],"1":[24],"2":[40,14],"3":[2],"4":[4,10,8,6,8,0]},"_coverageSchema":"1a1c01bbd47fc00a2c39e90264f33305004495a9","hash":"f23a356452b92cb4051c49739f53b502f451e890"}
,"/home/dmitry/frontend-project-46/src/calculateDiff.js": {"path":"/home/dmitry/frontend-project-46/src/calculateDiff.js","statementMap":{"0":{"start":{"line":3,"column":22},"end":{"line":25,"column":1}},"1":{"start":{"line":4,"column":20},"end":{"line":4,"column":55}},"2":{"start":{"line":5,"column":15},"end":{"line":5,"column":35}},"3":{"start":{"line":6,"column":17},"end":{"line":23,"column":6}},"4":{"start":{"line":8,"column":6},"end":{"line":10,"column":7}},"5":{"start":{"line":9,"column":8},"end":{"line":9,"column":70}},"6":{"start":{"line":11,"column":6},"end":{"line":13,"column":7}},"7":{"start":{"line":12,"column":8},"end":{"line":12,"column":72}},"8":{"start":{"line":14,"column":6},"end":{"line":16,"column":7}},"9":{"start":{"line":15,"column":8},"end":{"line":15,"column":104}},"10":{"start":{"line":17,"column":6},"end":{"line":21,"column":7}},"11":{"start":{"line":18,"column":8},"end":{"line":20,"column":10}},"12":{"start":{"line":22,"column":6},"end":{"line":22,"column":72}},"13":{"start":{"line":24,"column":2},"end":{"line":24,"column":16}}},"fnMap":{"0":{"name":"(anonymous_0)","decl":{"start":{"line":3,"column":22},"end":{"line":3,"column":23}},"loc":{"start":{"line":3,"column":38},"end":{"line":25,"column":1}},"line":3},"1":{"name":"(anonymous_1)","decl":{"start":{"line":7,"column":9},"end":{"line":7,"column":10}},"loc":{"start":{"line":7,"column":22},"end":{"line":23,"column":5}},"line":7}},"branchMap":{"0":{"loc":{"start":{"line":8,"column":6},"end":{"line":10,"column":7}},"type":"if","locations":[{"start":{"line":8,"column":6},"end":{"line":10,"column":7}},{"start":{},"end":{}}],"line":8},"1":{"loc":{"start":{"line":11,"column":6},"end":{"line":13,"column":7}},"type":"if","locations":[{"start":{"line":11,"column":6},"end":{"line":13,"column":7}},{"start":{},"end":{}}],"line":11},"2":{"loc":{"start":{"line":14,"column":6},"end":{"line":16,"column":7}},"type":"if","locations":[{"start":{"line":14,"column":6},"end":{"line":16,"column":7}},{"start":{},"end":{}}],"line":14},"3":{"loc":{"start":{"line":14,"column":10},"end":{"line":14,"column":64}},"type":"binary-expr","locations":[{"start":{"line":14,"column":10},"end":{"line":14,"column":35}},{"start":{"line":14,"column":39},"end":{"line":14,"column":64}}],"line":14},"4":{"loc":{"start":{"line":17,"column":6},"end":{"line":21,"column":7}},"type":"if","locations":[{"start":{"line":17,"column":6},"end":{"line":21,"column":7}},{"start":{},"end":{}}],"line":17}},"s":{"0":1,"1":25,"2":25,"3":25,"4":90,"5":25,"6":65,"7":10,"8":55,"9":20,"10":35,"11":20,"12":15,"13":25},"f":{"0":25,"1":90},"b":{"0":[25,65],"1":[10,55],"2":[20,35],"3":[55,25],"4":[20,15]},"_coverageSchema":"1a1c01bbd47fc00a2c39e90264f33305004495a9","hash":"4fee6315a0c0947c845ff7ee826b46ac2c98e808"}
,"/home/dmitry/frontend-project-46/src/index.js": {"path":"/home/dmitry/frontend-project-46/src/index.js","statementMap":{"0":{"start":{"line":8,"column":19},"end":{"line":8,"column":49}},"1":{"start":{"line":9,"column":18},"end":{"line":9,"column":42}},"2":{"start":{"line":11,"column":19},"end":{"line":11,"column":52}},"3":{"start":{"line":13,"column":16},"end":{"line":22,"column":1}},"4":{"start":{"line":14,"column":23},"end":{"line":14,"column":66}},"5":{"start":{"line":15,"column":23},"end":{"line":15,"column":66}},"6":{"start":{"line":16,"column":18},"end":{"line":16,"column":37}},"7":{"start":{"line":17,"column":18},"end":{"line":17,"column":37}},"8":{"start":{"line":18,"column":20},"end":{"line":18,"column":52}},"9":{"start":{"line":19,"column":21},"end":{"line":19,"column":53}},"10":{"start":{"line":20,"column":15},"end":{"line":20,"column":51}},"11":{"start":{"line":21,"column":2},"end":{"line":21,"column":37}}},"fnMap":{"0":{"name":"(anonymous_0)","decl":{"start":{"line":13,"column":16},"end":{"line":13,"column":17}},"loc":{"start":{"line":13,"column":54},"end":{"line":22,"column":1}},"line":13}},"branchMap":{"0":{"loc":{"start":{"line":13,"column":31},"end":{"line":13,"column":49}},"type":"default-arg","locations":[{"start":{"line":13,"column":40},"end":{"line":13,"column":49}}],"line":13}},"s":{"0":1,"1":1,"2":1,"3":1,"4":5,"5":5,"6":5,"7":5,"8":5,"9":5,"10":5,"11":5},"f":{"0":5},"b":{"0":[0]},"_coverageSchema":"1a1c01bbd47fc00a2c39e90264f33305004495a9","hash":"28e3737a80315f786ddd425844ec9344005bc872"}
,"/home/dmitry/frontend-project-46/src/parsers.js": {"path":"/home/dmitry/frontend-project-46/src/parsers.js","statementMap":{"0":{"start":{"line":3,"column":18},"end":{"line":13,"column":1}},"1":{"start":{"line":4,"column":2},"end":{"line":12,"column":3}},"2":{"start":{"line":6,"column":6},"end":{"line":6,"column":30}},"3":{"start":{"line":9,"column":6},"end":{"line":9,"column":29}},"4":{"start":{"line":11,"column":6},"end":{"line":11,"column":45}}},"fnMap":{"0":{"name":"(anonymous_0)","decl":{"start":{"line":3,"column":18},"end":{"line":3,"column":19}},"loc":{"start":{"line":3,"column":37},"end":{"line":13,"column":1}},"line":3}},"branchMap":{"0":{"loc":{"start":{"line":4,"column":2},"end":{"line":12,"column":3}},"type":"switch","locations":[{"start":{"line":5,"column":4},"end":{"line":6,"column":30}},{"start":{"line":7,"column":4},"end":{"line":7,"column":16}},{"start":{"line":8,"column":4},"end":{"line":9,"column":29}},{"start":{"line":10,"column":4},"end":{"line":11,"column":45}}],"line":4}},"s":{"0":1,"1":10,"2":2,"3":8,"4":0},"f":{"0":10},"b":{"0":[2,8,8,0]},"_coverageSchema":"1a1c01bbd47fc00a2c39e90264f33305004495a9","hash":"fd0dcd8f07644ee2bf45e09d31718894aa72f779"}
,"/home/dmitry/frontend-project-46/src/utils.js": {"path":"/home/dmitry/frontend-project-46/src/utils.js","statementMap":{"0":{"start":{"line":4,"column":23},"end":{"line":4,"column":78}},"1":{"start":{"line":4,"column":45},"end":{"line":4,"column":78}},"2":{"start":{"line":6,"column":17},"end":{"line":6,"column":79}},"3":{"start":{"line":6,"column":31},"end":{"line":6,"column":79}}},"fnMap":{"0":{"name":"(anonymous_0)","decl":{"start":{"line":4,"column":23},"end":{"line":4,"column":24}},"loc":{"start":{"line":4,"column":45},"end":{"line":4,"column":78}},"line":4},"1":{"name":"(anonymous_1)","decl":{"start":{"line":6,"column":17},"end":{"line":6,"column":18}},"loc":{"start":{"line":6,"column":31},"end":{"line":6,"column":79}},"line":6}},"branchMap":{},"s":{"0":1,"1":17,"2":1,"3":13},"f":{"0":17,"1":13},"b":{},"_coverageSchema":"1a1c01bbd47fc00a2c39e90264f33305004495a9","hash":"f1e7520b31535010d8138f4d30b41b77bf7ba83a"}
}
