{"/home/dmitry/frontend-project-46/formaters/stylish.js": {"path":"/home/dmitry/frontend-project-46/formaters/stylish.js","statementMap":{"0":{"start":{"line":3,"column":25},"end":{"line":7,"column":1}},"1":{"start":{"line":9,"column":16},"end":{"line":27,"column":1}},"2":{"start":{"line":10,"column":22},"end":{"line":10,"column":39}},"3":{"start":{"line":11,"column":22},"end":{"line":11,"column":39}},"4":{"start":{"line":12,"column":20},"end":{"line":12,"column":53}},"5":{"start":{"line":13,"column":21},"end":{"line":13,"column":40}},"6":{"start":{"line":14,"column":17},"end":{"line":24,"column":8}},"7":{"start":{"line":15,"column":4},"end":{"line":22,"column":83}},"8":{"start":{"line":16,"column":6},"end":{"line":16,"column":74}},"9":{"start":{"line":17,"column":11},"end":{"line":22,"column":83}},"10":{"start":{"line":18,"column":6},"end":{"line":18,"column":76}},"11":{"start":{"line":19,"column":11},"end":{"line":22,"column":83}},"12":{"start":{"line":20,"column":6},"end":{"line":20,"column":76}},"13":{"start":{"line":21,"column":6},"end":{"line":21,"column":74}},"14":{"start":{"line":22,"column":11},"end":{"line":22,"column":83}},"15":{"start":{"line":23,"column":4},"end":{"line":23,"column":20}},"16":{"start":{"line":26,"column":2},"end":{"line":26,"column":38}}},"fnMap":{"0":{"name":"(anonymous_0)","decl":{"start":{"line":9,"column":16},"end":{"line":9,"column":17}},"loc":{"start":{"line":9,"column":32},"end":{"line":27,"column":1}},"line":9},"1":{"name":"(anonymous_1)","decl":{"start":{"line":14,"column":35},"end":{"line":14,"column":36}},"loc":{"start":{"line":14,"column":53},"end":{"line":24,"column":3}},"line":14}},"branchMap":{"0":{"loc":{"start":{"line":15,"column":4},"end":{"line":22,"column":83}},"type":"if","locations":[{"start":{"line":15,"column":4},"end":{"line":22,"column":83}},{"start":{"line":17,"column":11},"end":{"line":22,"column":83}}],"line":15},"1":{"loc":{"start":{"line":17,"column":11},"end":{"line":22,"column":83}},"type":"if","locations":[{"start":{"line":17,"column":11},"end":{"line":22,"column":83}},{"start":{"line":19,"column":11},"end":{"line":22,"column":83}}],"line":17},"2":{"loc":{"start":{"line":19,"column":11},"end":{"line":22,"column":83}},"type":"if","locations":[{"start":{"line":19,"column":11},"end":{"line":22,"column":83}},{"start":{"line":22,"column":11},"end":{"line":22,"column":83}}],"line":19},"3":{"loc":{"start":{"line":19,"column":15},"end":{"line":19,"column":86}},"type":"binary-expr","locations":[{"start":{"line":19,"column":15},"end":{"line":19,"column":51}},{"start":{"line":19,"column":55},"end":{"line":19,"column":86}}],"line":19},"4":{"loc":{"start":{"line":19,"column":29},"end":{"line":19,"column":41}},"type":"binary-expr","locations":[{"start":{"line":19,"column":29},"end":{"line":19,"column":33}},{"start":{"line":19,"column":37},"end":{"line":19,"column":41}}],"line":19}},"s":{"0":1,"1":1,"2":2,"3":2,"4":2,"5":2,"6":2,"7":8,"8":2,"9":6,"10":2,"11":4,"12":4,"13":4,"14":0,"15":8,"16":2},"f":{"0":2,"1":8},"b":{"0":[2,6],"1":[2,4],"2":[4,0],"3":[4,4],"4":[4,4]},"_coverageSchema":"1a1c01bbd47fc00a2c39e90264f33305004495a9","hash":"730a8ffa75424eebff1c2ba56ffebc2f78987280"}
,"/home/dmitry/frontend-project-46/src/index.js": {"path":"/home/dmitry/frontend-project-46/src/index.js","statementMap":{"0":{"start":{"line":7,"column":19},"end":{"line":7,"column":49}},"1":{"start":{"line":8,"column":18},"end":{"line":8,"column":42}},"2":{"start":{"line":10,"column":19},"end":{"line":10,"column":52}},"3":{"start":{"line":12,"column":16},"end":{"line":21,"column":1}},"4":{"start":{"line":13,"column":22},"end":{"line":13,"column":55}},"5":{"start":{"line":14,"column":22},"end":{"line":14,"column":55}},"6":{"start":{"line":15,"column":16},"end":{"line":15,"column":37}},"7":{"start":{"line":16,"column":16},"end":{"line":16,"column":37}},"8":{"start":{"line":17,"column":21},"end":{"line":17,"column":50}},"9":{"start":{"line":18,"column":21},"end":{"line":18,"column":50}},"10":{"start":{"line":20,"column":2},"end":{"line":20,"column":41}}},"fnMap":{"0":{"name":"(anonymous_0)","decl":{"start":{"line":12,"column":16},"end":{"line":12,"column":17}},"loc":{"start":{"line":12,"column":34},"end":{"line":21,"column":1}},"line":12}},"branchMap":{},"s":{"0":1,"1":1,"2":1,"3":1,"4":2,"5":2,"6":2,"7":2,"8":2,"9":2,"10":2},"f":{"0":2},"b":{},"_coverageSchema":"1a1c01bbd47fc00a2c39e90264f33305004495a9","hash":"77486f5a3939fa869a9232db4e4be03a2e4c74b5"}
,"/home/dmitry/frontend-project-46/src/parsers.js": {"path":"/home/dmitry/frontend-project-46/src/parsers.js","statementMap":{"0":{"start":{"line":3,"column":18},"end":{"line":10,"column":1}},"1":{"start":{"line":5,"column":2},"end":{"line":7,"column":3}},"2":{"start":{"line":6,"column":4},"end":{"line":6,"column":32}},"3":{"start":{"line":8,"column":2},"end":{"line":8,"column":89}},"4":{"start":{"line":8,"column":61},"end":{"line":8,"column":89}},"5":{"start":{"line":9,"column":2},"end":{"line":9,"column":16}}},"fnMap":{"0":{"name":"(anonymous_0)","decl":{"start":{"line":3,"column":18},"end":{"line":3,"column":19}},"loc":{"start":{"line":3,"column":38},"end":{"line":10,"column":1}},"line":3}},"branchMap":{"0":{"loc":{"start":{"line":5,"column":2},"end":{"line":7,"column":3}},"type":"if","locations":[{"start":{"line":5,"column":2},"end":{"line":7,"column":3}},{"start":{},"end":{}}],"line":5},"1":{"loc":{"start":{"line":8,"column":2},"end":{"line":8,"column":89}},"type":"if","locations":[{"start":{"line":8,"column":2},"end":{"line":8,"column":89}},{"start":{},"end":{}}],"line":8},"2":{"loc":{"start":{"line":8,"column":6},"end":{"line":8,"column":59}},"type":"binary-expr","locations":[{"start":{"line":8,"column":6},"end":{"line":8,"column":31}},{"start":{"line":8,"column":35},"end":{"line":8,"column":59}}],"line":8}},"s":{"0":1,"1":4,"2":2,"3":4,"4":2,"5":4},"f":{"0":4},"b":{"0":[2,2],"1":[2,2],"2":[4,4]},"_coverageSchema":"1a1c01bbd47fc00a2c39e90264f33305004495a9","hash":"9ec744e7302b727550132ea130ef9bd60aaf07b0"}
,"/home/dmitry/frontend-project-46/src/utils.js": {"path":"/home/dmitry/frontend-project-46/src/utils.js","statementMap":{"0":{"start":{"line":5,"column":21},"end":{"line":5,"column":45}},"1":{"start":{"line":5,"column":30},"end":{"line":5,"column":45}},"2":{"start":{"line":7,"column":21},"end":{"line":7,"column":40}},"3":{"start":{"line":7,"column":30},"end":{"line":7,"column":40}},"4":{"start":{"line":9,"column":23},"end":{"line":9,"column":78}},"5":{"start":{"line":9,"column":45},"end":{"line":9,"column":78}},"6":{"start":{"line":11,"column":17},"end":{"line":11,"column":79}},"7":{"start":{"line":11,"column":31},"end":{"line":11,"column":79}}},"fnMap":{"0":{"name":"(anonymous_0)","decl":{"start":{"line":5,"column":21},"end":{"line":5,"column":22}},"loc":{"start":{"line":5,"column":30},"end":{"line":5,"column":45}},"line":5},"1":{"name":"(anonymous_1)","decl":{"start":{"line":7,"column":21},"end":{"line":7,"column":22}},"loc":{"start":{"line":7,"column":30},"end":{"line":7,"column":40}},"line":7},"2":{"name":"(anonymous_2)","decl":{"start":{"line":9,"column":23},"end":{"line":9,"column":24}},"loc":{"start":{"line":9,"column":45},"end":{"line":9,"column":78}},"line":9},"3":{"name":"(anonymous_3)","decl":{"start":{"line":11,"column":17},"end":{"line":11,"column":18}},"loc":{"start":{"line":11,"column":31},"end":{"line":11,"column":79}},"line":11}},"branchMap":{},"s":{"0":1,"1":2,"2":1,"3":2,"4":1,"5":10,"6":1,"7":6},"f":{"0":2,"1":2,"2":10,"3":6},"b":{},"_coverageSchema":"1a1c01bbd47fc00a2c39e90264f33305004495a9","hash":"ce2771971a97046797f8d4ef7d7fb43b8241de8d"}
}
