TN:
SF:formaters/stylish.js
FN:9,(anonymous_0)
FN:14,(anonymous_1)
FNF:2
FNH:2
FNDA:2,(anonymous_0)
FNDA:8,(anonymous_1)
DA:3,1
DA:9,1
DA:10,2
DA:11,2
DA:12,2
DA:13,2
DA:14,2
DA:15,8
DA:16,2
DA:17,6
DA:18,2
DA:19,4
DA:20,4
DA:21,4
DA:22,0
DA:23,8
DA:26,2
LF:17
LH:16
BRDA:15,0,0,2
BRDA:15,0,1,6
BRDA:17,1,0,2
BRDA:17,1,1,4
BRDA:19,2,0,4
BRDA:19,2,1,0
BRDA:19,3,0,4
BRDA:19,3,1,4
BRDA:19,4,0,4
BRDA:19,4,1,4
BRF:10
BRH:9
end_of_record
TN:
SF:src/index.js
FN:12,(anonymous_0)
FNF:1
FNH:1
FNDA:2,(anonymous_0)
DA:7,1
DA:8,1
DA:10,1
DA:12,1
DA:13,2
DA:14,2
DA:15,2
DA:16,2
DA:17,2
DA:18,2
DA:20,2
LF:11
LH:11
BRF:0
BRH:0
end_of_record
TN:
SF:src/parsers.js
FN:3,(anonymous_0)
FNF:1
FNH:1
FNDA:4,(anonymous_0)
DA:3,1
DA:5,4
DA:6,2
DA:8,4
DA:9,4
LF:5
LH:5
BRDA:5,0,0,2
BRDA:5,0,1,2
BRDA:8,1,0,2
BRDA:8,1,1,2
BRDA:8,2,0,4
BRDA:8,2,1,4
BRF:6
BRH:6
end_of_record
TN:
SF:src/utils.js
FN:5,(anonymous_0)
FN:7,(anonymous_1)
FN:9,(anonymous_2)
FN:11,(anonymous_3)
FNF:4
FNH:4
FNDA:2,(anonymous_0)
FNDA:2,(anonymous_1)
FNDA:10,(anonymous_2)
FNDA:6,(anonymous_3)
DA:5,2
DA:7,2
DA:9,10
DA:11,6
LF:4
LH:4
BRF:0
BRH:0
end_of_record
